<?xml version="1.0" encoding="UTF-8"?>
<robot generator="Robot 5.0.1 (Python 3.10.4 on linux)" generated="20220621 01:06:27.800" rpa="false" schemaversion="3">
<suite id="s1" name="Auth" source="/home/bluub/EPI/EIP/Chromacase/back/test/robot/auth/auth.robot">
<test id="s1-t1" name="Me cant be accessed without an account" line="32">
<kw name="GET" library="REST">
<arg>/auth/me</arg>
<tag>http</tag>
<doc>*Sends a GET request to the endpoint.*</doc>
<status status="PASS" starttime="20220621 01:06:27.934" endtime="20220621 01:06:27.939"/>
</kw>
<kw name="Output" library="REST">
<tag>I/O</tag>
<doc>*Outputs JSON to terminal or a file.*</doc>
<msg timestamp="20220621 01:06:27.940" level="INFO">
{
    "request": {
        "method": "GET",
        "url": "http://localhost:3000/auth/me",
        "scheme": "http",
        "netloc": "localhost:3000",
        "path": "/auth/me",
        "query": {},
        "body": null,
        "data": null,
        "auth": null,
        "headers": {
            "Accept": "application/json, */*",
            "Content-Type": "application/json",
            "User-Agent": "RESTinstance/1.3.0"
        },
        "proxies": {},
        "timeout": [
            null,
            null
        ],
        "cert": null,
        "sslVerify": true,
        "allowRedirects": true,
        "timestamp": {
            "utc": "2022-06-20T23:06:27.937348+00:00",
            "local": "2022-06-21T01:06:27.937348+02:00"
        }
    },
    "response": {
        "seconds": 0.002249,
        "status": 401,
        "reason": "Unauthorized",
        "body": {
            "statusCode": 401,
            "message": "Unauthorized"
        },
        "headers": {
            "X-Powered-By": "Express",
            "Content-Type": "application/json; charset=utf-8",
            "Content-Length": "43",
            "ETag": "W/\"2b-hGShxOkieaAVDloBubJVM+h58D8\"",
            "Date": "Mon, 20 Jun 2022 23:06:27 GMT",
            "Connection": "keep-alive",
            "Keep-Alive": "timeout=5"
        }
    }
}</msg>
<status status="PASS" starttime="20220621 01:06:27.939" endtime="20220621 01:06:27.943"/>
</kw>
<kw name="Integer" library="REST">
<arg>response status</arg>
<arg>401</arg>
<tag>assertions</tag>
<doc>*Asserts the field as JSON integer.*</doc>
<status status="PASS" starttime="20220621 01:06:27.943" endtime="20220621 01:06:27.945"/>
</kw>
<status status="PASS" starttime="20220621 01:06:27.933" endtime="20220621 01:06:27.945"/>
</test>
<test id="s1-t2" name="Bad Account" line="37">
<kw name="POST" library="REST">
<arg>/auth/login</arg>
<arg>{"username": "i-don-t-exist", "password": "pass"}</arg>
<tag>http</tag>
<doc>*Sends a POST request to the endpoint.*</doc>
<status status="PASS" starttime="20220621 01:06:27.946" endtime="20220621 01:06:27.950"/>
</kw>
<kw name="Output" library="REST">
<tag>I/O</tag>
<doc>*Outputs JSON to terminal or a file.*</doc>
<msg timestamp="20220621 01:06:27.951" level="INFO">
{
    "request": {
        "method": "POST",
        "url": "http://localhost:3000/auth/login",
        "scheme": "http",
        "netloc": "localhost:3000",
        "path": "/auth/login",
        "query": {},
        "body": {
            "username": "i-don-t-exist",
            "password": "pass"
        },
        "data": null,
        "auth": null,
        "headers": {
            "Accept": "application/json, */*",
            "Content-Type": "application/json",
            "User-Agent": "RESTinstance/1.3.0"
        },
        "proxies": {},
        "timeout": [
            null,
            null
        ],
        "cert": null,
        "sslVerify": true,
        "allowRedirects": true,
        "timestamp": {
            "utc": "2022-06-20T23:06:27.949802+00:00",
            "local": "2022-06-21T01:06:27.949802+02:00"
        }
    },
    "response": {
        "seconds": 0.003317,
        "status": 401,
        "reason": "Unauthorized",
        "body": {
            "statusCode": 401,
            "message": "Unauthorized"
        },
        "headers": {
            "X-Powered-By": "Express",
            "Content-Type": "application/json; charset=utf-8",
            "Content-Length": "43",
            "ETag": "W/\"2b-hGShxOkieaAVDloBubJVM+h58D8\"",
            "Date": "Mon, 20 Jun 2022 23:06:27 GMT",
            "Connection": "keep-alive",
            "Keep-Alive": "timeout=5"
        }
    }
}</msg>
<status status="PASS" starttime="20220621 01:06:27.950" endtime="20220621 01:06:27.951"/>
</kw>
<kw name="Integer" library="REST">
<arg>response status</arg>
<arg>401</arg>
<tag>assertions</tag>
<doc>*Asserts the field as JSON integer.*</doc>
<status status="PASS" starttime="20220621 01:06:27.952" endtime="20220621 01:06:27.953"/>
</kw>
<doc>Login fails if user does not exist</doc>
<status status="PASS" starttime="20220621 01:06:27.945" endtime="20220621 01:06:27.953"/>
</test>
<test id="s1-t3" name="RegisterAndLogin" line="43">
<kw name="Register">
<arg>user-1</arg>
<doc>Shortcut to register with the given username for future requests</doc>
<kw name="POST" library="REST">
<var>&amp;{res}</var>
<arg>/auth/register</arg>
<arg>{"username": "${username}", "password": "password-${username}", "email": "${username}@chromacase.moe"}</arg>
<tag>http</tag>
<doc>*Sends a POST request to the endpoint.*</doc>
<msg timestamp="20220621 01:06:27.990" level="INFO">&amp;{res} = { seconds=0.035052999999999994 | status=200 | reason=OK | body={'status': 'user created'} | headers={'X-Powered-By': 'Express', 'Content-Type': 'application/json; charset=utf-8', 'Content-Length': '25...</msg>
<status status="PASS" starttime="20220621 01:06:27.954" endtime="20220621 01:06:27.990"/>
</kw>
<kw name="Output" library="REST">
<tag>I/O</tag>
<doc>*Outputs JSON to terminal or a file.*</doc>
<msg timestamp="20220621 01:06:27.991" level="INFO">
{
    "request": {
        "method": "POST",
        "url": "http://localhost:3000/auth/register",
        "scheme": "http",
        "netloc": "localhost:3000",
        "path": "/auth/register",
        "query": {},
        "body": {
            "username": "user-1",
            "password": "password-user-1",
            "email": "user-1@chromacase.moe"
        },
        "data": null,
        "auth": null,
        "headers": {
            "Accept": "application/json, */*",
            "Content-Type": "application/json",
            "User-Agent": "RESTinstance/1.3.0"
        },
        "proxies": {},
        "timeout": [
            null,
            null
        ],
        "cert": null,
        "sslVerify": true,
        "allowRedirects": true,
        "timestamp": {
            "utc": "2022-06-20T23:06:27.989487+00:00",
            "local": "2022-06-21T01:06:27.989487+02:00"
        }
    },
    "response": {
        "seconds": 0.035052999999999994,
        "status": 200,
        "reason": "OK",
        "body": {
            "status": "user created"
        },
        "headers": {
            "X-Powered-By": "Express",
            "Content-Type": "application/json; charset=utf-8",
            "Content-Length": "25",
            "ETag": "W/\"19-4jxoN1lg0lSIMFsWuqddNOnJK4U\"",
            "Date": "Mon, 20 Jun 2022 23:06:27 GMT",
            "Connection": "keep-alive",
            "Keep-Alive": "timeout=5"
        }
    }
}</msg>
<status status="PASS" starttime="20220621 01:06:27.990" endtime="20220621 01:06:27.991"/>
</kw>
<kw name="Integer" library="REST">
<arg>response status</arg>
<arg>200</arg>
<tag>assertions</tag>
<doc>*Asserts the field as JSON integer.*</doc>
<status status="PASS" starttime="20220621 01:06:27.991" endtime="20220621 01:06:27.992"/>
</kw>
<status status="PASS" starttime="20220621 01:06:27.953" endtime="20220621 01:06:27.992"/>
</kw>
<kw name="Login">
<arg>user-1</arg>
<doc>Shortcut to login with the given username for future requests</doc>
<kw name="POST" library="REST">
<var>&amp;{res}</var>
<arg>/auth/login</arg>
<arg>{"username": "${username}", "password": "password-${username}"}</arg>
<tag>http</tag>
<doc>*Sends a POST request to the endpoint.*</doc>
<msg timestamp="20220621 01:06:28.013" level="INFO">&amp;{res} = { seconds=0.019502 | status=201 | reason=Created | body={'access_token': 'eyJhbGciOiJIUzI1NiIsInR5cCI6IkpXVCJ9.eyJ1c2VybmFtZSI6InVzZXItMSIsImlkIjoyMCwiaWF0IjoxNjU1NzY2Mzg4LCJleHAiOjE2NTU3Njk5ODh9.PNAp...</msg>
<status status="PASS" starttime="20220621 01:06:27.993" endtime="20220621 01:06:28.013"/>
</kw>
<kw name="Output" library="REST">
<tag>I/O</tag>
<doc>*Outputs JSON to terminal or a file.*</doc>
<msg timestamp="20220621 01:06:28.014" level="INFO">
{
    "request": {
        "method": "POST",
        "url": "http://localhost:3000/auth/login",
        "scheme": "http",
        "netloc": "localhost:3000",
        "path": "/auth/login",
        "query": {},
        "body": {
            "username": "user-1",
            "password": "password-user-1"
        },
        "data": null,
        "auth": null,
        "headers": {
            "Accept": "application/json, */*",
            "Content-Type": "application/json",
            "User-Agent": "RESTinstance/1.3.0"
        },
        "proxies": {},
        "timeout": [
            null,
            null
        ],
        "cert": null,
        "sslVerify": true,
        "allowRedirects": true,
        "timestamp": {
            "utc": "2022-06-20T23:06:28.012825+00:00",
            "local": "2022-06-21T01:06:28.012825+02:00"
        }
    },
    "response": {
        "seconds": 0.019502,
        "status": 201,
        "reason": "Created",
        "body": {
            "access_token": "eyJhbGciOiJIUzI1NiIsInR5cCI6IkpXVCJ9.eyJ1c2VybmFtZSI6InVzZXItMSIsImlkIjoyMCwiaWF0IjoxNjU1NzY2Mzg4LCJleHAiOjE2NTU3Njk5ODh9.PNAp_xRmvF9Q2qX4hbd1tLUNR69xsuCZscq7UIIKsfg"
        },
        "headers": {
            "X-Powered-By": "Express",
            "Content-Type": "application/json; charset=utf-8",
            "Content-Length": "184",
            "ETag": "W/\"b8-KNIiNnYaCVswrGnm4yj7wJjBHAI\"",
            "Date": "Mon, 20 Jun 2022 23:06:27 GMT",
            "Connection": "keep-alive",
            "Keep-Alive": "timeout=5"
        }
    }
}</msg>
<status status="PASS" starttime="20220621 01:06:28.014" endtime="20220621 01:06:28.014"/>
</kw>
<kw name="Integer" library="REST">
<arg>response status</arg>
<arg>201</arg>
<tag>assertions</tag>
<doc>*Asserts the field as JSON integer.*</doc>
<status status="PASS" starttime="20220621 01:06:28.015" endtime="20220621 01:06:28.015"/>
</kw>
<kw name="String" library="REST">
<arg>response body access_token</arg>
<tag>assertions</tag>
<doc>*Asserts the field as JSON string.*</doc>
<status status="PASS" starttime="20220621 01:06:28.016" endtime="20220621 01:06:28.017"/>
</kw>
<kw name="Set Headers" library="REST">
<arg>{"Authorization": "Bearer ${res.body.access_token}"}</arg>
<tag>settings</tag>
<doc>*Sets new request headers or updates the existing.*</doc>
<status status="PASS" starttime="20220621 01:06:28.017" endtime="20220621 01:06:28.017"/>
</kw>
<status status="PASS" starttime="20220621 01:06:27.992" endtime="20220621 01:06:28.017"/>
</kw>
<kw name="DELETE" library="REST" type="TEARDOWN">
<arg>/auth/me</arg>
<tag>http</tag>
<doc>*Sends a DELETE request to the endpoint.*</doc>
<status status="PASS" starttime="20220621 01:06:28.017" endtime="20220621 01:06:28.025"/>
</kw>
<doc>Create a new user and login in it</doc>
<status status="PASS" starttime="20220621 01:06:27.953" endtime="20220621 01:06:28.025"/>
</test>
<test id="s1-t4" name="Register Duplicates" line="49">
<kw name="Register">
<arg>user-duplicate</arg>
<doc>Shortcut to register with the given username for future requests</doc>
<kw name="POST" library="REST">
<var>&amp;{res}</var>
<arg>/auth/register</arg>
<arg>{"username": "${username}", "password": "password-${username}", "email": "${username}@chromacase.moe"}</arg>
<tag>http</tag>
<doc>*Sends a POST request to the endpoint.*</doc>
<msg timestamp="20220621 01:06:28.050" level="INFO">&amp;{res} = { seconds=0.022852 | status=200 | reason=OK | body={'status': 'user created'} | headers={'X-Powered-By': 'Express', 'Content-Type': 'application/json; charset=utf-8', 'Content-Length': '25', 'ETag': '...</msg>
<status status="PASS" starttime="20220621 01:06:28.026" endtime="20220621 01:06:28.050"/>
</kw>
<kw name="Output" library="REST">
<tag>I/O</tag>
<doc>*Outputs JSON to terminal or a file.*</doc>
<msg timestamp="20220621 01:06:28.050" level="INFO">
{
    "request": {
        "method": "POST",
        "url": "http://localhost:3000/auth/register",
        "scheme": "http",
        "netloc": "localhost:3000",
        "path": "/auth/register",
        "query": {},
        "body": {
            "username": "user-duplicate",
            "password": "password-user-duplicate",
            "email": "user-duplicate@chromacase.moe"
        },
        "data": null,
        "auth": null,
        "headers": {
            "Accept": "application/json, */*",
            "Content-Type": "application/json",
            "User-Agent": "RESTinstance/1.3.0",
            "Authorization": "Bearer eyJhbGciOiJIUzI1NiIsInR5cCI6IkpXVCJ9.eyJ1c2VybmFtZSI6InVzZXItMSIsImlkIjoyMCwiaWF0IjoxNjU1NzY2Mzg4LCJleHAiOjE2NTU3Njk5ODh9.PNAp_xRmvF9Q2qX4hbd1tLUNR69xsuCZscq7UIIKsfg"
        },
        "proxies": {},
        "timeout": [
            null,
            null
        ],
        "cert": null,
        "sslVerify": true,
        "allowRedirects": true,
        "timestamp": {
            "utc": "2022-06-20T23:06:28.049290+00:00",
            "local": "2022-06-21T01:06:28.049290+02:00"
        }
    },
    "response": {
        "seconds": 0.022852,
        "status": 200,
        "reason": "OK",
        "body": {
            "status": "user created"
        },
        "headers": {
            "X-Powered-By": "Express",
            "Content-Type": "application/json; charset=utf-8",
            "Content-Length": "25",
            "ETag": "W/\"19-4jxoN1lg0lSIMFsWuqddNOnJK4U\"",
            "Date": "Mon, 20 Jun 2022 23:06:28 GMT",
            "Connection": "keep-alive",
            "Keep-Alive": "timeout=5"
        }
    }
}</msg>
<status status="PASS" starttime="20220621 01:06:28.050" endtime="20220621 01:06:28.051"/>
</kw>
<kw name="Integer" library="REST">
<arg>response status</arg>
<arg>200</arg>
<tag>assertions</tag>
<doc>*Asserts the field as JSON integer.*</doc>
<status status="PASS" starttime="20220621 01:06:28.051" endtime="20220621 01:06:28.052"/>
</kw>
<status status="PASS" starttime="20220621 01:06:28.025" endtime="20220621 01:06:28.052"/>
</kw>
<kw name="POST" library="REST">
<arg>/auth/register</arg>
<arg>{"username": "user-duplicate", "password": "pass", "email": "mail@kyoo.moe"}</arg>
<tag>http</tag>
<doc>*Sends a POST request to the endpoint.*</doc>
<status status="PASS" starttime="20220621 01:06:28.052" endtime="20220621 01:06:28.073"/>
</kw>
<kw name="Output" library="REST">
<tag>I/O</tag>
<doc>*Outputs JSON to terminal or a file.*</doc>
<msg timestamp="20220621 01:06:28.074" level="INFO">
{
    "request": {
        "method": "POST",
        "url": "http://localhost:3000/auth/register",
        "scheme": "http",
        "netloc": "localhost:3000",
        "path": "/auth/register",
        "query": {},
        "body": {
            "username": "user-duplicate",
            "password": "pass",
            "email": "mail@kyoo.moe"
        },
        "data": null,
        "auth": null,
        "headers": {
            "Accept": "application/json, */*",
            "Content-Type": "application/json",
            "User-Agent": "RESTinstance/1.3.0",
            "Authorization": "Bearer eyJhbGciOiJIUzI1NiIsInR5cCI6IkpXVCJ9.eyJ1c2VybmFtZSI6InVzZXItMSIsImlkIjoyMCwiaWF0IjoxNjU1NzY2Mzg4LCJleHAiOjE2NTU3Njk5ODh9.PNAp_xRmvF9Q2qX4hbd1tLUNR69xsuCZscq7UIIKsfg"
        },
        "proxies": {},
        "timeout": [
            null,
            null
        ],
        "cert": null,
        "sslVerify": true,
        "allowRedirects": true,
        "timestamp": {
            "utc": "2022-06-20T23:06:28.072782+00:00",
            "local": "2022-06-21T01:06:28.072782+02:00"
        }
    },
    "response": {
        "seconds": 0.019972,
        "status": 400,
        "reason": "Bad Request",
        "body": {
            "status": "user not created"
        },
        "headers": {
            "X-Powered-By": "Express",
            "Content-Type": "application/json; charset=utf-8",
            "Content-Length": "29",
            "ETag": "W/\"1d-DIy5mKe3nrwyA2OAiB+MjydXCUM\"",
            "Date": "Mon, 20 Jun 2022 23:06:28 GMT",
            "Connection": "keep-alive",
            "Keep-Alive": "timeout=5"
        }
    }
}</msg>
<status status="PASS" starttime="20220621 01:06:28.073" endtime="20220621 01:06:28.074"/>
</kw>
<kw name="Integer" library="REST">
<arg>response status</arg>
<arg>400</arg>
<tag>assertions</tag>
<doc>*Asserts the field as JSON integer.*</doc>
<status status="PASS" starttime="20220621 01:06:28.074" endtime="20220621 01:06:28.075"/>
</kw>
<kw name="Login">
<arg>user-duplicate</arg>
<doc>Shortcut to login with the given username for future requests</doc>
<kw name="POST" library="REST">
<var>&amp;{res}</var>
<arg>/auth/login</arg>
<arg>{"username": "${username}", "password": "password-${username}"}</arg>
<tag>http</tag>
<doc>*Sends a POST request to the endpoint.*</doc>
<msg timestamp="20220621 01:06:28.097" level="INFO">&amp;{res} = { seconds=0.019828 | status=201 | reason=Created | body={'access_token': 'eyJhbGciOiJIUzI1NiIsInR5cCI6IkpXVCJ9.eyJ1c2VybmFtZSI6InVzZXItZHVwbGljYXRlIiwiaWQiOjIxLCJpYXQiOjE2NTU3NjYzODgsImV4cCI6MTY1NTc2O...</msg>
<status status="PASS" starttime="20220621 01:06:28.076" endtime="20220621 01:06:28.097"/>
</kw>
<kw name="Output" library="REST">
<tag>I/O</tag>
<doc>*Outputs JSON to terminal or a file.*</doc>
<msg timestamp="20220621 01:06:28.097" level="INFO">
{
    "request": {
        "method": "POST",
        "url": "http://localhost:3000/auth/login",
        "scheme": "http",
        "netloc": "localhost:3000",
        "path": "/auth/login",
        "query": {},
        "body": {
            "username": "user-duplicate",
            "password": "password-user-duplicate"
        },
        "data": null,
        "auth": null,
        "headers": {
            "Accept": "application/json, */*",
            "Content-Type": "application/json",
            "User-Agent": "RESTinstance/1.3.0",
            "Authorization": "Bearer eyJhbGciOiJIUzI1NiIsInR5cCI6IkpXVCJ9.eyJ1c2VybmFtZSI6InVzZXItMSIsImlkIjoyMCwiaWF0IjoxNjU1NzY2Mzg4LCJleHAiOjE2NTU3Njk5ODh9.PNAp_xRmvF9Q2qX4hbd1tLUNR69xsuCZscq7UIIKsfg"
        },
        "proxies": {},
        "timeout": [
            null,
            null
        ],
        "cert": null,
        "sslVerify": true,
        "allowRedirects": true,
        "timestamp": {
            "utc": "2022-06-20T23:06:28.096350+00:00",
            "local": "2022-06-21T01:06:28.096350+02:00"
        }
    },
    "response": {
        "seconds": 0.019828,
        "status": 201,
        "reason": "Created",
        "body": {
            "access_token": "eyJhbGciOiJIUzI1NiIsInR5cCI6IkpXVCJ9.eyJ1c2VybmFtZSI6InVzZXItZHVwbGljYXRlIiwiaWQiOjIxLCJpYXQiOjE2NTU3NjYzODgsImV4cCI6MTY1NTc2OTk4OH0.TZ7chf389KV_VaTX-45vTpHAyvmHtKZLG8YAr729mxM"
        },
        "headers": {
            "X-Powered-By": "Express",
            "Content-Type": "application/json; charset=utf-8",
            "Content-Length": "195",
            "ETag": "W/\"c3-ORGfYJUZoyNdRKHuRcFDVOylU8Y\"",
            "Date": "Mon, 20 Jun 2022 23:06:28 GMT",
            "Connection": "keep-alive",
            "Keep-Alive": "timeout=5"
        }
    }
}</msg>
<status status="PASS" starttime="20220621 01:06:28.097" endtime="20220621 01:06:28.098"/>
</kw>
<kw name="Integer" library="REST">
<arg>response status</arg>
<arg>201</arg>
<tag>assertions</tag>
<doc>*Asserts the field as JSON integer.*</doc>
<status status="PASS" starttime="20220621 01:06:28.098" endtime="20220621 01:06:28.099"/>
</kw>
<kw name="String" library="REST">
<arg>response body access_token</arg>
<tag>assertions</tag>
<doc>*Asserts the field as JSON string.*</doc>
<status status="PASS" starttime="20220621 01:06:28.099" endtime="20220621 01:06:28.100"/>
</kw>
<kw name="Set Headers" library="REST">
<arg>{"Authorization": "Bearer ${res.body.access_token}"}</arg>
<tag>settings</tag>
<doc>*Sets new request headers or updates the existing.*</doc>
<status status="PASS" starttime="20220621 01:06:28.100" endtime="20220621 01:06:28.100"/>
</kw>
<status status="PASS" starttime="20220621 01:06:28.075" endtime="20220621 01:06:28.100"/>
</kw>
<kw name="DELETE" library="REST" type="TEARDOWN">
<arg>/auth/me</arg>
<tag>http</tag>
<doc>*Sends a DELETE request to the endpoint.*</doc>
<status status="PASS" starttime="20220621 01:06:28.100" endtime="20220621 01:06:28.107"/>
</kw>
<doc>If two users tries to register with the same username, it fails</doc>
<status status="PASS" starttime="20220621 01:06:28.025" endtime="20220621 01:06:28.107"/>
</test>
<test id="s1-t5" name="Delete Account" line="59">
<kw name="Register">
<arg>I-should-be-deleted</arg>
<doc>Shortcut to register with the given username for future requests</doc>
<kw name="POST" library="REST">
<var>&amp;{res}</var>
<arg>/auth/register</arg>
<arg>{"username": "${username}", "password": "password-${username}", "email": "${username}@chromacase.moe"}</arg>
<tag>http</tag>
<doc>*Sends a POST request to the endpoint.*</doc>
<msg timestamp="20220621 01:06:28.131" level="INFO">&amp;{res} = { seconds=0.021832999999999998 | status=200 | reason=OK | body={'status': 'user created'} | headers={'X-Powered-By': 'Express', 'Content-Type': 'application/json; charset=utf-8', 'Content-Length': '25...</msg>
<status status="PASS" starttime="20220621 01:06:28.108" endtime="20220621 01:06:28.131"/>
</kw>
<kw name="Output" library="REST">
<tag>I/O</tag>
<doc>*Outputs JSON to terminal or a file.*</doc>
<msg timestamp="20220621 01:06:28.132" level="INFO">
{
    "request": {
        "method": "POST",
        "url": "http://localhost:3000/auth/register",
        "scheme": "http",
        "netloc": "localhost:3000",
        "path": "/auth/register",
        "query": {},
        "body": {
            "username": "I-should-be-deleted",
            "password": "password-I-should-be-deleted",
            "email": "I-should-be-deleted@chromacase.moe"
        },
        "data": null,
        "auth": null,
        "headers": {
            "Accept": "application/json, */*",
            "Content-Type": "application/json",
            "User-Agent": "RESTinstance/1.3.0",
            "Authorization": "Bearer eyJhbGciOiJIUzI1NiIsInR5cCI6IkpXVCJ9.eyJ1c2VybmFtZSI6InVzZXItZHVwbGljYXRlIiwiaWQiOjIxLCJpYXQiOjE2NTU3NjYzODgsImV4cCI6MTY1NTc2OTk4OH0.TZ7chf389KV_VaTX-45vTpHAyvmHtKZLG8YAr729mxM"
        },
        "proxies": {},
        "timeout": [
            null,
            null
        ],
        "cert": null,
        "sslVerify": true,
        "allowRedirects": true,
        "timestamp": {
            "utc": "2022-06-20T23:06:28.130872+00:00",
            "local": "2022-06-21T01:06:28.130872+02:00"
        }
    },
    "response": {
        "seconds": 0.021832999999999998,
        "status": 200,
        "reason": "OK",
        "body": {
            "status": "user created"
        },
        "headers": {
            "X-Powered-By": "Express",
            "Content-Type": "application/json; charset=utf-8",
            "Content-Length": "25",
            "ETag": "W/\"19-4jxoN1lg0lSIMFsWuqddNOnJK4U\"",
            "Date": "Mon, 20 Jun 2022 23:06:28 GMT",
            "Connection": "keep-alive",
            "Keep-Alive": "timeout=5"
        }
    }
}</msg>
<status status="PASS" starttime="20220621 01:06:28.132" endtime="20220621 01:06:28.132"/>
</kw>
<kw name="Integer" library="REST">
<arg>response status</arg>
<arg>200</arg>
<tag>assertions</tag>
<doc>*Asserts the field as JSON integer.*</doc>
<status status="PASS" starttime="20220621 01:06:28.133" endtime="20220621 01:06:28.133"/>
</kw>
<status status="PASS" starttime="20220621 01:06:28.108" endtime="20220621 01:06:28.134"/>
</kw>
<kw name="Login">
<arg>I-should-be-deleted</arg>
<doc>Shortcut to login with the given username for future requests</doc>
<kw name="POST" library="REST">
<var>&amp;{res}</var>
<arg>/auth/login</arg>
<arg>{"username": "${username}", "password": "password-${username}"}</arg>
<tag>http</tag>
<doc>*Sends a POST request to the endpoint.*</doc>
<msg timestamp="20220621 01:06:28.156" level="INFO">&amp;{res} = { seconds=0.020796 | status=201 | reason=Created | body={'access_token': 'eyJhbGciOiJIUzI1NiIsInR5cCI6IkpXVCJ9.eyJ1c2VybmFtZSI6Ikktc2hvdWxkLWJlLWRlbGV0ZWQiLCJpZCI6MjMsImlhdCI6MTY1NTc2NjM4OCwiZXhwIjoxN...</msg>
<status status="PASS" starttime="20220621 01:06:28.134" endtime="20220621 01:06:28.156"/>
</kw>
<kw name="Output" library="REST">
<tag>I/O</tag>
<doc>*Outputs JSON to terminal or a file.*</doc>
<msg timestamp="20220621 01:06:28.157" level="INFO">
{
    "request": {
        "method": "POST",
        "url": "http://localhost:3000/auth/login",
        "scheme": "http",
        "netloc": "localhost:3000",
        "path": "/auth/login",
        "query": {},
        "body": {
            "username": "I-should-be-deleted",
            "password": "password-I-should-be-deleted"
        },
        "data": null,
        "auth": null,
        "headers": {
            "Accept": "application/json, */*",
            "Content-Type": "application/json",
            "User-Agent": "RESTinstance/1.3.0",
            "Authorization": "Bearer eyJhbGciOiJIUzI1NiIsInR5cCI6IkpXVCJ9.eyJ1c2VybmFtZSI6InVzZXItZHVwbGljYXRlIiwiaWQiOjIxLCJpYXQiOjE2NTU3NjYzODgsImV4cCI6MTY1NTc2OTk4OH0.TZ7chf389KV_VaTX-45vTpHAyvmHtKZLG8YAr729mxM"
        },
        "proxies": {},
        "timeout": [
            null,
            null
        ],
        "cert": null,
        "sslVerify": true,
        "allowRedirects": true,
        "timestamp": {
            "utc": "2022-06-20T23:06:28.155569+00:00",
            "local": "2022-06-21T01:06:28.155569+02:00"
        }
    },
    "response": {
        "seconds": 0.020796,
        "status": 201,
        "reason": "Created",
        "body": {
            "access_token": "eyJhbGciOiJIUzI1NiIsInR5cCI6IkpXVCJ9.eyJ1c2VybmFtZSI6Ikktc2hvdWxkLWJlLWRlbGV0ZWQiLCJpZCI6MjMsImlhdCI6MTY1NTc2NjM4OCwiZXhwIjoxNjU1NzY5OTg4fQ.iT2yko7bHTH23kZc5-A6CmHAIYXngGl1iMZUJS3XKYk"
        },
        "headers": {
            "X-Powered-By": "Express",
            "Content-Type": "application/json; charset=utf-8",
            "Content-Length": "202",
            "ETag": "W/\"ca-7gRb5W9FIMbvuqPQ+wHbtpF9fik\"",
            "Date": "Mon, 20 Jun 2022 23:06:28 GMT",
            "Connection": "keep-alive",
            "Keep-Alive": "timeout=5"
        }
    }
}</msg>
<status status="PASS" starttime="20220621 01:06:28.156" endtime="20220621 01:06:28.157"/>
</kw>
<kw name="Integer" library="REST">
<arg>response status</arg>
<arg>201</arg>
<tag>assertions</tag>
<doc>*Asserts the field as JSON integer.*</doc>
<status status="PASS" starttime="20220621 01:06:28.157" endtime="20220621 01:06:28.158"/>
</kw>
<kw name="String" library="REST">
<arg>response body access_token</arg>
<tag>assertions</tag>
<doc>*Asserts the field as JSON string.*</doc>
<status status="PASS" starttime="20220621 01:06:28.158" endtime="20220621 01:06:28.159"/>
</kw>
<kw name="Set Headers" library="REST">
<arg>{"Authorization": "Bearer ${res.body.access_token}"}</arg>
<tag>settings</tag>
<doc>*Sets new request headers or updates the existing.*</doc>
<status status="PASS" starttime="20220621 01:06:28.159" endtime="20220621 01:06:28.159"/>
</kw>
<status status="PASS" starttime="20220621 01:06:28.134" endtime="20220621 01:06:28.160"/>
</kw>
<kw name="DELETE" library="REST">
<arg>/auth/me</arg>
<tag>http</tag>
<doc>*Sends a DELETE request to the endpoint.*</doc>
<status status="PASS" starttime="20220621 01:06:28.160" endtime="20220621 01:06:28.166"/>
</kw>
<kw name="Output" library="REST">
<tag>I/O</tag>
<doc>*Outputs JSON to terminal or a file.*</doc>
<msg timestamp="20220621 01:06:28.167" level="INFO">
{
    "request": {
        "method": "DELETE",
        "url": "http://localhost:3000/auth/me",
        "scheme": "http",
        "netloc": "localhost:3000",
        "path": "/auth/me",
        "query": {},
        "body": null,
        "data": null,
        "auth": null,
        "headers": {
            "Accept": "application/json, */*",
            "Content-Type": "application/json",
            "User-Agent": "RESTinstance/1.3.0",
            "Authorization": "Bearer eyJhbGciOiJIUzI1NiIsInR5cCI6IkpXVCJ9.eyJ1c2VybmFtZSI6Ikktc2hvdWxkLWJlLWRlbGV0ZWQiLCJpZCI6MjMsImlhdCI6MTY1NTc2NjM4OCwiZXhwIjoxNjU1NzY5OTg4fQ.iT2yko7bHTH23kZc5-A6CmHAIYXngGl1iMZUJS3XKYk"
        },
        "proxies": {},
        "timeout": [
            null,
            null
        ],
        "cert": null,
        "sslVerify": true,
        "allowRedirects": true,
        "timestamp": {
            "utc": "2022-06-20T23:06:28.165862+00:00",
            "local": "2022-06-21T01:06:28.165862+02:00"
        }
    },
    "response": {
        "seconds": 0.005579,
        "status": 200,
        "reason": "OK",
        "body": {
            "id": 23,
            "username": "I-should-be-deleted",
            "password": "$2a$08$rRYhZRk7d8/uNmztGRM5.eJUFxyvbeE3yrJiw6UXTm.sYt7WRNK.e",
            "email": "I-should-be-deleted@chromacase.moe"
        },
        "headers": {
            "X-Powered-By": "Express",
            "Content-Type": "application/json; charset=utf-8",
            "Content-Length": "161",
            "ETag": "W/\"a1-bQFBJjtCOeJB5vvwA+tjwclW8L0\"",
            "Date": "Mon, 20 Jun 2022 23:06:28 GMT",
            "Connection": "keep-alive",
            "Keep-Alive": "timeout=5"
        }
    }
}</msg>
<status status="PASS" starttime="20220621 01:06:28.166" endtime="20220621 01:06:28.167"/>
</kw>
<kw name="Integer" library="REST">
<arg>response status</arg>
<arg>200</arg>
<tag>assertions</tag>
<doc>*Asserts the field as JSON integer.*</doc>
<status status="PASS" starttime="20220621 01:06:28.167" endtime="20220621 01:06:28.168"/>
</kw>
<doc>Check if a user can delete it's account</doc>
<status status="PASS" starttime="20220621 01:06:28.108" endtime="20220621 01:06:28.168"/>
</test>
<test id="s1-t6" name="Login" line="67">
<kw name="Register">
<arg>login-user</arg>
<doc>Shortcut to register with the given username for future requests</doc>
<kw name="POST" library="REST">
<var>&amp;{res}</var>
<arg>/auth/register</arg>
<arg>{"username": "${username}", "password": "password-${username}", "email": "${username}@chromacase.moe"}</arg>
<tag>http</tag>
<doc>*Sends a POST request to the endpoint.*</doc>
<msg timestamp="20220621 01:06:28.193" level="INFO">&amp;{res} = { seconds=0.02229 | status=200 | reason=OK | body={'status': 'user created'} | headers={'X-Powered-By': 'Express', 'Content-Type': 'application/json; charset=utf-8', 'Content-Length': '25', 'ETag': 'W...</msg>
<status status="PASS" starttime="20220621 01:06:28.169" endtime="20220621 01:06:28.193"/>
</kw>
<kw name="Output" library="REST">
<tag>I/O</tag>
<doc>*Outputs JSON to terminal or a file.*</doc>
<msg timestamp="20220621 01:06:28.193" level="INFO">
{
    "request": {
        "method": "POST",
        "url": "http://localhost:3000/auth/register",
        "scheme": "http",
        "netloc": "localhost:3000",
        "path": "/auth/register",
        "query": {},
        "body": {
            "username": "login-user",
            "password": "password-login-user",
            "email": "login-user@chromacase.moe"
        },
        "data": null,
        "auth": null,
        "headers": {
            "Accept": "application/json, */*",
            "Content-Type": "application/json",
            "User-Agent": "RESTinstance/1.3.0",
            "Authorization": "Bearer eyJhbGciOiJIUzI1NiIsInR5cCI6IkpXVCJ9.eyJ1c2VybmFtZSI6Ikktc2hvdWxkLWJlLWRlbGV0ZWQiLCJpZCI6MjMsImlhdCI6MTY1NTc2NjM4OCwiZXhwIjoxNjU1NzY5OTg4fQ.iT2yko7bHTH23kZc5-A6CmHAIYXngGl1iMZUJS3XKYk"
        },
        "proxies": {},
        "timeout": [
            null,
            null
        ],
        "cert": null,
        "sslVerify": true,
        "allowRedirects": true,
        "timestamp": {
            "utc": "2022-06-20T23:06:28.192231+00:00",
            "local": "2022-06-21T01:06:28.192231+02:00"
        }
    },
    "response": {
        "seconds": 0.02229,
        "status": 200,
        "reason": "OK",
        "body": {
            "status": "user created"
        },
        "headers": {
            "X-Powered-By": "Express",
            "Content-Type": "application/json; charset=utf-8",
            "Content-Length": "25",
            "ETag": "W/\"19-4jxoN1lg0lSIMFsWuqddNOnJK4U\"",
            "Date": "Mon, 20 Jun 2022 23:06:28 GMT",
            "Connection": "keep-alive",
            "Keep-Alive": "timeout=5"
        }
    }
}</msg>
<status status="PASS" starttime="20220621 01:06:28.193" endtime="20220621 01:06:28.194"/>
</kw>
<kw name="Integer" library="REST">
<arg>response status</arg>
<arg>200</arg>
<tag>assertions</tag>
<doc>*Asserts the field as JSON integer.*</doc>
<status status="PASS" starttime="20220621 01:06:28.194" endtime="20220621 01:06:28.195"/>
</kw>
<status status="PASS" starttime="20220621 01:06:28.169" endtime="20220621 01:06:28.195"/>
</kw>
<kw name="Login">
<arg>login-user</arg>
<doc>Shortcut to login with the given username for future requests</doc>
<kw name="POST" library="REST">
<var>&amp;{res}</var>
<arg>/auth/login</arg>
<arg>{"username": "${username}", "password": "password-${username}"}</arg>
<tag>http</tag>
<doc>*Sends a POST request to the endpoint.*</doc>
<msg timestamp="20220621 01:06:28.217" level="INFO">&amp;{res} = { seconds=0.020109000000000002 | status=201 | reason=Created | body={'access_token': 'eyJhbGciOiJIUzI1NiIsInR5cCI6IkpXVCJ9.eyJ1c2VybmFtZSI6ImxvZ2luLXVzZXIiLCJpZCI6MjQsImlhdCI6MTY1NTc2NjM4OCwiZXhwIjoxN...</msg>
<status status="PASS" starttime="20220621 01:06:28.195" endtime="20220621 01:06:28.217"/>
</kw>
<kw name="Output" library="REST">
<tag>I/O</tag>
<doc>*Outputs JSON to terminal or a file.*</doc>
<msg timestamp="20220621 01:06:28.217" level="INFO">
{
    "request": {
        "method": "POST",
        "url": "http://localhost:3000/auth/login",
        "scheme": "http",
        "netloc": "localhost:3000",
        "path": "/auth/login",
        "query": {},
        "body": {
            "username": "login-user",
            "password": "password-login-user"
        },
        "data": null,
        "auth": null,
        "headers": {
            "Accept": "application/json, */*",
            "Content-Type": "application/json",
            "User-Agent": "RESTinstance/1.3.0",
            "Authorization": "Bearer eyJhbGciOiJIUzI1NiIsInR5cCI6IkpXVCJ9.eyJ1c2VybmFtZSI6Ikktc2hvdWxkLWJlLWRlbGV0ZWQiLCJpZCI6MjMsImlhdCI6MTY1NTc2NjM4OCwiZXhwIjoxNjU1NzY5OTg4fQ.iT2yko7bHTH23kZc5-A6CmHAIYXngGl1iMZUJS3XKYk"
        },
        "proxies": {},
        "timeout": [
            null,
            null
        ],
        "cert": null,
        "sslVerify": true,
        "allowRedirects": true,
        "timestamp": {
            "utc": "2022-06-20T23:06:28.216024+00:00",
            "local": "2022-06-21T01:06:28.216024+02:00"
        }
    },
    "response": {
        "seconds": 0.020109000000000002,
        "status": 201,
        "reason": "Created",
        "body": {
            "access_token": "eyJhbGciOiJIUzI1NiIsInR5cCI6IkpXVCJ9.eyJ1c2VybmFtZSI6ImxvZ2luLXVzZXIiLCJpZCI6MjQsImlhdCI6MTY1NTc2NjM4OCwiZXhwIjoxNjU1NzY5OTg4fQ.ZppaqmHliH_74v9bHlzDxiT8GbvncBvb492rTH3G0sw"
        },
        "headers": {
            "X-Powered-By": "Express",
            "Content-Type": "application/json; charset=utf-8",
            "Content-Length": "190",
            "ETag": "W/\"be-2eDXxmJdWdKFnsX7+hm9Shk8/0Q\"",
            "Date": "Mon, 20 Jun 2022 23:06:28 GMT",
            "Connection": "keep-alive",
            "Keep-Alive": "timeout=5"
        }
    }
}</msg>
<status status="PASS" starttime="20220621 01:06:28.217" endtime="20220621 01:06:28.218"/>
</kw>
<kw name="Integer" library="REST">
<arg>response status</arg>
<arg>201</arg>
<tag>assertions</tag>
<doc>*Asserts the field as JSON integer.*</doc>
<status status="PASS" starttime="20220621 01:06:28.218" endtime="20220621 01:06:28.219"/>
</kw>
<kw name="String" library="REST">
<arg>response body access_token</arg>
<tag>assertions</tag>
<doc>*Asserts the field as JSON string.*</doc>
<status status="PASS" starttime="20220621 01:06:28.219" endtime="20220621 01:06:28.220"/>
</kw>
<kw name="Set Headers" library="REST">
<arg>{"Authorization": "Bearer ${res.body.access_token}"}</arg>
<tag>settings</tag>
<doc>*Sets new request headers or updates the existing.*</doc>
<status status="PASS" starttime="20220621 01:06:28.220" endtime="20220621 01:06:28.220"/>
</kw>
<status status="PASS" starttime="20220621 01:06:28.195" endtime="20220621 01:06:28.220"/>
</kw>
<kw name="GET" library="REST">
<var>${res}</var>
<arg>/auth/me</arg>
<tag>http</tag>
<doc>*Sends a GET request to the endpoint.*</doc>
<msg timestamp="20220621 01:06:28.223" level="INFO">${res} = {'seconds': 0.001667, 'status': 200, 'reason': 'OK', 'body': {'id': 24, 'username': 'login-user'}, 'headers': {'X-Powered-By': 'Express', 'Content-Type': 'application/json; charset=utf-8', 'Content-Le...</msg>
<status status="PASS" starttime="20220621 01:06:28.220" endtime="20220621 01:06:28.223"/>
</kw>
<kw name="Output" library="REST">
<tag>I/O</tag>
<doc>*Outputs JSON to terminal or a file.*</doc>
<msg timestamp="20220621 01:06:28.224" level="INFO">
{
    "request": {
        "method": "GET",
        "url": "http://localhost:3000/auth/me",
        "scheme": "http",
        "netloc": "localhost:3000",
        "path": "/auth/me",
        "query": {},
        "body": null,
        "data": null,
        "auth": null,
        "headers": {
            "Accept": "application/json, */*",
            "Content-Type": "application/json",
            "User-Agent": "RESTinstance/1.3.0",
            "Authorization": "Bearer eyJhbGciOiJIUzI1NiIsInR5cCI6IkpXVCJ9.eyJ1c2VybmFtZSI6ImxvZ2luLXVzZXIiLCJpZCI6MjQsImlhdCI6MTY1NTc2NjM4OCwiZXhwIjoxNjU1NzY5OTg4fQ.ZppaqmHliH_74v9bHlzDxiT8GbvncBvb492rTH3G0sw"
        },
        "proxies": {},
        "timeout": [
            null,
            null
        ],
        "cert": null,
        "sslVerify": true,
        "allowRedirects": true,
        "timestamp": {
            "utc": "2022-06-20T23:06:28.222897+00:00",
            "local": "2022-06-21T01:06:28.222897+02:00"
        }
    },
    "response": {
        "seconds": 0.001667,
        "status": 200,
        "reason": "OK",
        "body": {
            "id": 24,
            "username": "login-user"
        },
        "headers": {
            "X-Powered-By": "Express",
            "Content-Type": "application/json; charset=utf-8",
            "Content-Length": "33",
            "ETag": "W/\"21-C/yHdgAEfHsPcBhq77nn3/Amhms\"",
            "Date": "Mon, 20 Jun 2022 23:06:28 GMT",
            "Connection": "keep-alive",
            "Keep-Alive": "timeout=5"
        }
    }
}</msg>
<status status="PASS" starttime="20220621 01:06:28.224" endtime="20220621 01:06:28.224"/>
</kw>
<kw name="Integer" library="REST">
<arg>response status</arg>
<arg>200</arg>
<tag>assertions</tag>
<doc>*Asserts the field as JSON integer.*</doc>
<status status="PASS" starttime="20220621 01:06:28.225" endtime="20220621 01:06:28.225"/>
</kw>
<kw name="String" library="REST">
<arg>response body username</arg>
<arg>login-user</arg>
<tag>assertions</tag>
<doc>*Asserts the field as JSON string.*</doc>
<status status="PASS" starttime="20220621 01:06:28.225" endtime="20220621 01:06:28.226"/>
</kw>
<kw name="Logout">
<doc>Logout the current user, only the local client is affected.</doc>
<kw name="Set Headers" library="REST">
<arg>{"Authorization": ""}</arg>
<tag>settings</tag>
<doc>*Sets new request headers or updates the existing.*</doc>
<status status="PASS" starttime="20220621 01:06:28.227" endtime="20220621 01:06:28.227"/>
</kw>
<status status="PASS" starttime="20220621 01:06:28.226" endtime="20220621 01:06:28.227"/>
</kw>
<kw name="Login">
<arg>login-user</arg>
<doc>Shortcut to login with the given username for future requests</doc>
<kw name="POST" library="REST">
<var>&amp;{res}</var>
<arg>/auth/login</arg>
<arg>{"username": "${username}", "password": "password-${username}"}</arg>
<tag>http</tag>
<doc>*Sends a POST request to the endpoint.*</doc>
<msg timestamp="20220621 01:06:28.248" level="INFO">&amp;{res} = { seconds=0.019249 | status=201 | reason=Created | body={'access_token': 'eyJhbGciOiJIUzI1NiIsInR5cCI6IkpXVCJ9.eyJ1c2VybmFtZSI6ImxvZ2luLXVzZXIiLCJpZCI6MjQsImlhdCI6MTY1NTc2NjM4OCwiZXhwIjoxNjU1NzY5OTg4f...</msg>
<status status="PASS" starttime="20220621 01:06:28.227" endtime="20220621 01:06:28.248"/>
</kw>
<kw name="Output" library="REST">
<tag>I/O</tag>
<doc>*Outputs JSON to terminal or a file.*</doc>
<msg timestamp="20220621 01:06:28.248" level="INFO">
{
    "request": {
        "method": "POST",
        "url": "http://localhost:3000/auth/login",
        "scheme": "http",
        "netloc": "localhost:3000",
        "path": "/auth/login",
        "query": {},
        "body": {
            "username": "login-user",
            "password": "password-login-user"
        },
        "data": null,
        "auth": null,
        "headers": {
            "Accept": "application/json, */*",
            "Content-Type": "application/json",
            "User-Agent": "RESTinstance/1.3.0",
            "Authorization": ""
        },
        "proxies": {},
        "timeout": [
            null,
            null
        ],
        "cert": null,
        "sslVerify": true,
        "allowRedirects": true,
        "timestamp": {
            "utc": "2022-06-20T23:06:28.247044+00:00",
            "local": "2022-06-21T01:06:28.247044+02:00"
        }
    },
    "response": {
        "seconds": 0.019249,
        "status": 201,
        "reason": "Created",
        "body": {
            "access_token": "eyJhbGciOiJIUzI1NiIsInR5cCI6IkpXVCJ9.eyJ1c2VybmFtZSI6ImxvZ2luLXVzZXIiLCJpZCI6MjQsImlhdCI6MTY1NTc2NjM4OCwiZXhwIjoxNjU1NzY5OTg4fQ.ZppaqmHliH_74v9bHlzDxiT8GbvncBvb492rTH3G0sw"
        },
        "headers": {
            "X-Powered-By": "Express",
            "Content-Type": "application/json; charset=utf-8",
            "Content-Length": "190",
            "ETag": "W/\"be-2eDXxmJdWdKFnsX7+hm9Shk8/0Q\"",
            "Date": "Mon, 20 Jun 2022 23:06:28 GMT",
            "Connection": "keep-alive",
            "Keep-Alive": "timeout=5"
        }
    }
}</msg>
<status status="PASS" starttime="20220621 01:06:28.248" endtime="20220621 01:06:28.249"/>
</kw>
<kw name="Integer" library="REST">
<arg>response status</arg>
<arg>201</arg>
<tag>assertions</tag>
<doc>*Asserts the field as JSON integer.*</doc>
<status status="PASS" starttime="20220621 01:06:28.249" endtime="20220621 01:06:28.250"/>
</kw>
<kw name="String" library="REST">
<arg>response body access_token</arg>
<tag>assertions</tag>
<doc>*Asserts the field as JSON string.*</doc>
<status status="PASS" starttime="20220621 01:06:28.250" endtime="20220621 01:06:28.250"/>
</kw>
<kw name="Set Headers" library="REST">
<arg>{"Authorization": "Bearer ${res.body.access_token}"}</arg>
<tag>settings</tag>
<doc>*Sets new request headers or updates the existing.*</doc>
<status status="PASS" starttime="20220621 01:06:28.251" endtime="20220621 01:06:28.251"/>
</kw>
<status status="PASS" starttime="20220621 01:06:28.227" endtime="20220621 01:06:28.251"/>
</kw>
<kw name="GET" library="REST">
<var>${me}</var>
<arg>/auth/me</arg>
<tag>http</tag>
<doc>*Sends a GET request to the endpoint.*</doc>
<msg timestamp="20220621 01:06:28.254" level="INFO">${me} = {'seconds': 0.001667, 'status': 200, 'reason': 'OK', 'body': {'id': 24, 'username': 'login-user'}, 'headers': {'X-Powered-By': 'Express', 'Content-Type': 'application/json; charset=utf-8', 'Content-Le...</msg>
<status status="PASS" starttime="20220621 01:06:28.251" endtime="20220621 01:06:28.254"/>
</kw>
<kw name="Output" library="REST">
<tag>I/O</tag>
<doc>*Outputs JSON to terminal or a file.*</doc>
<msg timestamp="20220621 01:06:28.255" level="INFO">
{
    "request": {
        "method": "GET",
        "url": "http://localhost:3000/auth/me",
        "scheme": "http",
        "netloc": "localhost:3000",
        "path": "/auth/me",
        "query": {},
        "body": null,
        "data": null,
        "auth": null,
        "headers": {
            "Accept": "application/json, */*",
            "Content-Type": "application/json",
            "User-Agent": "RESTinstance/1.3.0",
            "Authorization": "Bearer eyJhbGciOiJIUzI1NiIsInR5cCI6IkpXVCJ9.eyJ1c2VybmFtZSI6ImxvZ2luLXVzZXIiLCJpZCI6MjQsImlhdCI6MTY1NTc2NjM4OCwiZXhwIjoxNjU1NzY5OTg4fQ.ZppaqmHliH_74v9bHlzDxiT8GbvncBvb492rTH3G0sw"
        },
        "proxies": {},
        "timeout": [
            null,
            null
        ],
        "cert": null,
        "sslVerify": true,
        "allowRedirects": true,
        "timestamp": {
            "utc": "2022-06-20T23:06:28.253635+00:00",
            "local": "2022-06-21T01:06:28.253635+02:00"
        }
    },
    "response": {
        "seconds": 0.001667,
        "status": 200,
        "reason": "OK",
        "body": {
            "id": 24,
            "username": "login-user"
        },
        "headers": {
            "X-Powered-By": "Express",
            "Content-Type": "application/json; charset=utf-8",
            "Content-Length": "33",
            "ETag": "W/\"21-C/yHdgAEfHsPcBhq77nn3/Amhms\"",
            "Date": "Mon, 20 Jun 2022 23:06:28 GMT",
            "Connection": "keep-alive",
            "Keep-Alive": "timeout=5"
        }
    }
}</msg>
<status status="PASS" starttime="20220621 01:06:28.254" endtime="20220621 01:06:28.255"/>
</kw>
<kw name="Output" library="REST">
<arg>${me}</arg>
<tag>I/O</tag>
<doc>*Outputs JSON to terminal or a file.*</doc>
<msg timestamp="20220621 01:06:28.256" level="INFO">
{
    "seconds": 0.001667,
    "status": 200,
    "reason": "OK",
    "body": {
        "id": 24,
        "username": "login-user"
    },
    "headers": {
        "X-Powered-By": "Express",
        "Content-Type": "application/json; charset=utf-8",
        "Content-Length": "33",
        "ETag": "W/\"21-C/yHdgAEfHsPcBhq77nn3/Amhms\"",
        "Date": "Mon, 20 Jun 2022 23:06:28 GMT",
        "Connection": "keep-alive",
        "Keep-Alive": "timeout=5"
    }
}</msg>
<status status="PASS" starttime="20220621 01:06:28.255" endtime="20220621 01:06:28.256"/>
</kw>
<kw name="Should Be Equal As Strings" library="BuiltIn">
<arg>${res["body"]}</arg>
<arg>${me["body"]}</arg>
<doc>Fails if objects are unequal after converting them to strings.</doc>
<status status="PASS" starttime="20220621 01:06:28.256" endtime="20220621 01:06:28.257"/>
</kw>
<kw name="DELETE" library="REST" type="TEARDOWN">
<arg>/auth/me</arg>
<tag>http</tag>
<doc>*Sends a DELETE request to the endpoint.*</doc>
<status status="PASS" starttime="20220621 01:06:28.257" endtime="20220621 01:06:28.264"/>
</kw>
<doc>Create a new user and login in it</doc>
<status status="PASS" starttime="20220621 01:06:28.169" endtime="20220621 01:06:28.264"/>
</test>
<doc>Tests of the /auth route.
Ensures that the user can authenticate on kyoo.</doc>
<status status="PASS" starttime="20220621 01:06:27.800" endtime="20220621 01:06:28.264"/>
</suite>
<statistics>
<total>
<stat pass="6" fail="0" skip="0">All Tests</stat>
</total>
<tag>
</tag>
<suite>
<stat pass="6" fail="0" skip="0" id="s1" name="Auth">Auth</stat>
</suite>
</statistics>
<errors>
</errors>
</robot>
